<?xml version="1.0" encoding="UTF-8"?>
<!-- Generated by org.testng.reporters.JUnitReportReporter -->
<testsuite hostname="DELL-C0HKRC2" failures="0" tests="1" name="pruebas.AccesoABaseDeDatos" time="0.998" errors="0" timestamp="2022-07-28T20:55:24 ART" skipped="0">
  <testcase classname="pruebas.AccesoABaseDeDatos" name="testBaseDeDatos" time="0.998"/>
  <system-out/>
</testsuite> <!-- pruebas.AccesoABaseDeDatos -->
