<?xml version="1.0" encoding="UTF-8"?>
<!-- Generated by org.testng.reporters.JUnitReportReporter -->
<testsuite hostname="DELL-C0HKRC2" failures="0" tests="5" name="pruebas.Laboratorio8" time="17.079" errors="0" timestamp="2022-07-25T21:45:28 ART" skipped="0">
  <testcase classname="pruebas.Laboratorio8" name="login" time="3.145"/>
  <system-out/>
  <testcase classname="pruebas.Laboratorio8" name="login" time="3.315"/>
  <system-out/>
  <testcase classname="pruebas.Laboratorio8" name="login" time="3.391"/>
  <system-out/>
  <testcase classname="pruebas.Laboratorio8" name="login" time="3.772"/>
  <system-out/>
  <testcase classname="pruebas.Laboratorio8" name="login" time="3.456"/>
  <system-out/>
</testsuite> <!-- pruebas.Laboratorio8 -->
